<?xml version="1.0" encoding="UTF-8" ?>
<testsuite tests="5" failures="0" name="dao.PedidosDaoTest" time="0.416" errors="0" skipped="0">
  <properties>
[...]
</properties>
  <testcase classname="dao.PedidosDaoTest" name="testRead" time="0.268"/>
  <testcase classname="dao.PedidosDaoTest" name="testDelete" time="0.015"/>
  <testcase classname="dao.PedidosDaoTest" name="testInsert" time="0.006"/>
  <testcase classname="dao.PedidosDaoTest" name="testListar" time="0.01"/>
  <testcase classname="dao.PedidosDaoTest" name="testUpdate" time="0.117"/>
</testsuite>